<?xml version="1.0" encoding="UTF-8"?>
<testsuite name="kz.example.ApplicationTest" tests="2" skipped="0" failures="1" errors="0" timestamp="2023-03-17T09:45:40" hostname="DESKTOP-M6G4MLE" time="1.073">
  <properties/>
  <testcase name="access root endpoint, assert correct information" classname="kz.example.ApplicationTest" time="0.993"/>
  <testcase name="access all heroes endpoint, assert correct information" classname="kz.example.ApplicationTest" time="0.08">
    <failure message="org.junit.ComparisonFailure: expected:&lt;[Welcome to Naruto API!]&gt; but was:&lt;[ololo]&gt;" type="org.junit.ComparisonFailure">org.junit.ComparisonFailure: expected:&lt;[Welcome to Naruto API!]&gt; but was:&lt;[ololo]&gt;
	at org.junit.Assert.assertEquals(Assert.java:117)
	at kotlin.test.junit.JUnitAsserter.assertEquals(JUnitSupport.kt:32)
	at kotlin.test.AssertionsKt__AssertionsKt.assertEquals(Assertions.kt:63)
	at kotlin.test.AssertionsKt.assertEquals(Unknown Source)
	at kotlin.test.AssertionsKt__AssertionsKt.assertEquals$default(Assertions.kt:62)
	at kotlin.test.AssertionsKt.assertEquals$default(Unknown Source)
	at kz.example.ApplicationTest$access all heroes endpoint, assert correct information$1.invokeSuspend(ApplicationTest.kt:42)
	at kotlin.coroutines.jvm.internal.BaseContinuationImpl.resumeWith(ContinuationImpl.kt:33)
	at kotlinx.coroutines.DispatchedTask.run(DispatchedTask.kt:106)
	at kotlinx.coroutines.EventLoopImplBase.processNextEvent(EventLoop.common.kt:284)
	at kotlinx.coroutines.BlockingCoroutine.joinBlocking(Builders.kt:85)
	at kotlinx.coroutines.BuildersKt__BuildersKt.runBlocking(Builders.kt:59)
	at kotlinx.coroutines.BuildersKt.runBlocking(Unknown Source)
	at kotlinx.coroutines.BuildersKt__BuildersKt.runBlocking$default(Builders.kt:38)
	at kotlinx.coroutines.BuildersKt.runBlocking$default(Unknown Source)
	at io.ktor.server.testing.TestApplicationKt.testApplication(TestApplication.kt:288)
	at kz.example.ApplicationTest.access all heroes endpoint, assert correct information(ApplicationTest.kt:33)
	at sun.reflect.NativeMethodAccessorImpl.invoke0(Native Method)
	at sun.reflect.NativeMethodAccessorImpl.invoke(NativeMethodAccessorImpl.java:62)
	at sun.reflect.DelegatingMethodAccessorImpl.invoke(DelegatingMethodAccessorImpl.java:43)
	at java.lang.reflect.Method.invoke(Method.java:498)
	at org.junit.runners.model.FrameworkMethod$1.runReflectiveCall(FrameworkMethod.java:59)
	at org.junit.internal.runners.model.ReflectiveCallable.run(ReflectiveCallable.java:12)
	at org.junit.runners.model.FrameworkMethod.invokeExplosively(FrameworkMethod.java:56)
	at org.junit.internal.runners.statements.InvokeMethod.evaluate(InvokeMethod.java:17)
	at org.junit.runners.ParentRunner$3.evaluate(ParentRunner.java:306)
	at org.junit.runners.BlockJUnit4ClassRunner$1.evaluate(BlockJUnit4ClassRunner.java:100)
	at org.junit.runners.ParentRunner.runLeaf(ParentRunner.java:366)
	at org.junit.runners.BlockJUnit4ClassRunner.runChild(BlockJUnit4ClassRunner.java:103)
	at org.junit.runners.BlockJUnit4ClassRunner.runChild(BlockJUnit4ClassRunner.java:63)
	at org.junit.runners.ParentRunner$4.run(ParentRunner.java:331)
	at org.junit.runners.ParentRunner$1.schedule(ParentRunner.java:79)
	at org.junit.runners.ParentRunner.runChildren(ParentRunner.java:329)
	at org.junit.runners.ParentRunner.access$100(ParentRunner.java:66)
	at org.junit.runners.ParentRunner$2.evaluate(ParentRunner.java:293)
	at org.junit.runners.ParentRunner$3.evaluate(ParentRunner.java:306)
	at org.junit.runners.ParentRunner.run(ParentRunner.java:413)
	at org.gradle.api.internal.tasks.testing.junit.JUnitTestClassExecutor.runTestClass(JUnitTestClassExecutor.java:110)
	at org.gradle.api.internal.tasks.testing.junit.JUnitTestClassExecutor.execute(JUnitTestClassExecutor.java:58)
	at org.gradle.api.internal.tasks.testing.junit.JUnitTestClassExecutor.execute(JUnitTestClassExecutor.java:38)
	at org.gradle.api.internal.tasks.testing.junit.AbstractJUnitTestClassProcessor.processTestClass(AbstractJUnitTestClassProcessor.java:62)
	at org.gradle.api.internal.tasks.testing.SuiteTestClassProcessor.processTestClass(SuiteTestClassProcessor.java:51)
	at sun.reflect.NativeMethodAccessorImpl.invoke0(Native Method)
	at sun.reflect.NativeMethodAccessorImpl.invoke(NativeMethodAccessorImpl.java:62)
	at sun.reflect.DelegatingMethodAccessorImpl.invoke(DelegatingMethodAccessorImpl.java:43)
	at java.lang.reflect.Method.invoke(Method.java:498)
	at org.gradle.internal.dispatch.ReflectionDispatch.dispatch(ReflectionDispatch.java:36)
	at org.gradle.internal.dispatch.ReflectionDispatch.dispatch(ReflectionDispatch.java:24)
	at org.gradle.internal.dispatch.ContextClassLoaderDispatch.dispatch(ContextClassLoaderDispatch.java:33)
	at org.gradle.internal.dispatch.ProxyDispatchAdapter$DispatchingInvocationHandler.invoke(ProxyDispatchAdapter.java:94)
	at com.sun.proxy.$Proxy2.processTestClass(Unknown Source)
	at org.gradle.api.internal.tasks.testing.worker.TestWorker$2.run(TestWorker.java:176)
	at org.gradle.api.internal.tasks.testing.worker.TestWorker.executeAndMaintainThreadName(TestWorker.java:129)
	at org.gradle.api.internal.tasks.testing.worker.TestWorker.execute(TestWorker.java:100)
	at org.gradle.api.internal.tasks.testing.worker.TestWorker.execute(TestWorker.java:60)
	at org.gradle.process.internal.worker.child.ActionExecutionWorker.execute(ActionExecutionWorker.java:56)
	at org.gradle.process.internal.worker.child.SystemApplicationClassLoaderWorker.call(SystemApplicationClassLoaderWorker.java:133)
	at org.gradle.process.internal.worker.child.SystemApplicationClassLoaderWorker.call(SystemApplicationClassLoaderWorker.java:71)
	at worker.org.gradle.process.internal.worker.GradleWorkerMain.run(GradleWorkerMain.java:69)
	at worker.org.gradle.process.internal.worker.GradleWorkerMain.main(GradleWorkerMain.java:74)
</failure>
  </testcase>
  <system-out><![CDATA[2023-03-17 15:45:40.420 [Test worker @coroutine#1] TRACE io.ktor.client.plugins.HttpPlainText - Adding Accept-Charset=UTF-8 to http:///
2023-03-17 15:45:40.545 [DefaultDispatcher-worker-1 @call-context#2] DEBUG ktor.test - Java Home: C:\Users\admin\.jdks\liberica-1.8.0_345
2023-03-17 15:45:40.545 [DefaultDispatcher-worker-1 @call-context#2] DEBUG ktor.test - Class Loader: sun.misc.Launcher$AppClassLoader@659e0bfd: [/C:/Users/admin/.gradle/caches/7.5.1/workerMain/gradle-worker.jar, /C:/Users/admin/Documents/GitHub/narutoServer/build/classes/kotlin/test/, /C:/Users/admin/Documents/GitHub/narutoServer/build/classes/kotlin/main/, /C:/Users/admin/Documents/GitHub/narutoServer/build/resources/main/, /C:/Users/admin/.gradle/caches/modules-2/files-2.1/io.insert-koin/koin-ktor/3.3.1/92b0214df4d6e18a661553798d1ba43ffe9935b6/koin-ktor-3.3.1.jar, /C:/Users/admin/.gradle/caches/modules-2/files-2.1/io.insert-koin/koin-logger-slf4j/3.3.1/526376803b0ebbec421454fbb77ecc5d4ce3c17d/koin-logger-slf4j-3.3.1.jar, /C:/Users/admin/.gradle/caches/modules-2/files-2.1/io.ktor/ktor-server-tests-jvm/2.2.4/51ce5572a80b8e334fa94a80ac09c94be30ed88a/ktor-server-tests-jvm-2.2.4.jar, /C:/Users/admin/.gradle/caches/modules-2/files-2.1/io.ktor/ktor-server-jvm/2.2.4/5e7233b60e266cbab47ebedb848839d8183e641a/ktor-server-jvm-2.2.4.jar, /C:/Users/admin/.gradle/caches/modules-2/files-2.1/io.ktor/ktor-server-test-host-jvm/2.2.4/45c053826edacbdedb478031a7cde22ddf7ebd93/ktor-server-test-host-jvm-2.2.4.jar, /C:/Users/admin/.gradle/caches/modules-2/files-2.1/io.ktor/ktor-server-call-id-jvm/2.2.4/51d8e9eb2f0067580dbbf90649d7e3e4afa7bf88/ktor-server-call-id-jvm-2.2.4.jar, /C:/Users/admin/.gradle/caches/modules-2/files-2.1/io.ktor/ktor-server-call-logging-jvm/2.2.4/358930f1e77f558be8f105e4e60644cc817bf870/ktor-server-call-logging-jvm-2.2.4.jar, /C:/Users/admin/.gradle/caches/modules-2/files-2.1/io.ktor/ktor-server-content-negotiation-jvm/2.2.4/e1112e49ae6ea1a4b8aef6e6950f7d3fe4897ccb/ktor-server-content-negotiation-jvm-2.2.4.jar, /C:/Users/admin/.gradle/caches/modules-2/files-2.1/io.ktor/ktor-server-default-headers-jvm/2.2.4/fcf623010eaebb62ddac4cbe9e6ba95ca2c91375/ktor-server-default-headers-jvm-2.2.4.jar, /C:/Users/admin/.gradle/caches/modules-2/files-2.1/io.ktor/ktor-server-status-pages-jvm/2.2.4/bb5b50daf6926f817aefe8f850738f945999f60a/ktor-server-status-pages-jvm-2.2.4.jar, /C:/Users/admin/.gradle/caches/modules-2/files-2.1/io.ktor/ktor-server-netty-jvm/2.2.4/c1c38d575c80e17b252d9caf811a09d395316901/ktor-server-netty-jvm-2.2.4.jar, /C:/Users/admin/.gradle/caches/modules-2/files-2.1/io.ktor/ktor-server-host-common-jvm/2.2.4/7a7dff7672a67e10293c887b4232ea3722824b3/ktor-server-host-common-jvm-2.2.4.jar, /C:/Users/admin/.gradle/caches/modules-2/files-2.1/io.ktor/ktor-server-rate-limit-jvm/2.2.4/5ddc1313e677979fe5163a958e31d8be2e2ccd/ktor-server-rate-limit-jvm-2.2.4.jar, /C:/Users/admin/.gradle/caches/modules-2/files-2.1/io.ktor/ktor-server-compression-jvm/2.2.4/43907694cc0a3b6bc72931d57bcd6ddb1b960b9b/ktor-server-compression-jvm-2.2.4.jar, /C:/Users/admin/.gradle/caches/modules-2/files-2.1/io.ktor/ktor-server-auto-head-response-jvm/2.2.4/aa7befe9900e96187276337c70afdfa18f09ba62/ktor-server-auto-head-response-jvm-2.2.4.jar, /C:/Users/admin/.gradle/caches/modules-2/files-2.1/io.ktor/ktor-server-caching-headers-jvm/2.2.4/23dc24edfbf9b3600f4e6fbfd0704bbcc2de5f4c/ktor-server-caching-headers-jvm-2.2.4.jar, /C:/Users/admin/.gradle/caches/modules-2/files-2.1/io.ktor/ktor-server-partial-content-jvm/2.2.4/7bf6d908fe23af557039dcfe21acdce566d1efdc/ktor-server-partial-content-jvm-2.2.4.jar, /C:/Users/admin/.gradle/caches/modules-2/files-2.1/io.ktor/ktor-server-conditional-headers-jvm/2.2.4/858aef66cf63c824c08496a197701c4714e111f1/ktor-server-conditional-headers-jvm-2.2.4.jar, /C:/Users/admin/.gradle/caches/modules-2/files-2.1/io.ktor/ktor-server-cors-jvm/2.2.4/f87ec6ed697ffa5252d6f4541d872cde1233fa19/ktor-server-cors-jvm-2.2.4.jar, /C:/Users/admin/.gradle/caches/modules-2/files-2.1/io.ktor/ktor-server-data-conversion-jvm/2.2.4/671488505c33c629fb9b87654bf352a1bc5cd40d/ktor-server-data-conversion-jvm-2.2.4.jar, /C:/Users/admin/.gradle/caches/modules-2/files-2.1/io.ktor/ktor-server-double-receive-jvm/2.2.4/cdd3f77d3c2bc619b69dce6e1810f9d9498bd7c6/ktor-server-double-receive-jvm-2.2.4.jar, /C:/Users/admin/.gradle/caches/modules-2/files-2.1/io.ktor/ktor-server-forwarded-header-jvm/2.2.4/cea6611432a56be7271ba66d661c4fe7527647e/ktor-server-forwarded-header-jvm-2.2.4.jar, /C:/Users/admin/.gradle/caches/modules-2/files-2.1/io.ktor/ktor-server-hsts-jvm/2.2.4/a3fbc14ef36d7386edb2b4cd36691b1292066ba7/ktor-server-hsts-jvm-2.2.4.jar, /C:/Users/admin/.gradle/caches/modules-2/files-2.1/io.ktor/ktor-server-http-redirect-jvm/2.2.4/7fd147e13bcf63fadbdfc36b7aac9b27c75ee77/ktor-server-http-redirect-jvm-2.2.4.jar, /C:/Users/admin/.gradle/caches/modules-2/files-2.1/io.ktor/ktor-server-method-override-jvm/2.2.4/5a3bd62f0cd56ea7621418f4873505923d50b692/ktor-server-method-override-jvm-2.2.4.jar, /C:/Users/admin/.gradle/caches/modules-2/files-2.1/io.ktor/ktor-server-sessions-jvm/2.2.4/8ee048e46790beb64419cda3bd91930ea9ad4b3d/ktor-server-sessions-jvm-2.2.4.jar, /C:/Users/admin/.gradle/caches/modules-2/files-2.1/io.ktor/ktor-server-websockets-jvm/2.2.4/d3c3992924ab34630c07a3ccf95e36f97ea45a/ktor-server-websockets-jvm-2.2.4.jar, /C:/Users/admin/.gradle/caches/modules-2/files-2.1/io.ktor/ktor-server-core-jvm/2.2.4/74c77c5cf1b6c7fb8394eb7d1251b68b39497c7/ktor-server-core-jvm-2.2.4.jar, /C:/Users/admin/.gradle/caches/modules-2/files-2.1/io.ktor/ktor-serialization-kotlinx-json-jvm/2.2.4/b1ffe7159b4fd16e0dd1a58b7f014f137b895779/ktor-serialization-kotlinx-json-jvm-2.2.4.jar, /C:/Users/admin/.gradle/caches/modules-2/files-2.1/io.ktor/ktor-serialization-kotlinx-jvm/2.2.4/f8472e075be73000322a2c8330c64b83a3d6e683/ktor-serialization-kotlinx-jvm-2.2.4.jar, /C:/Users/admin/.gradle/caches/modules-2/files-2.1/io.ktor/ktor-client-jetty-jvm/2.2.4/66ba4210ea9188e02fade2b70abdde7a93b03888/ktor-client-jetty-jvm-2.2.4.jar, /C:/Users/admin/.gradle/caches/modules-2/files-2.1/io.ktor/ktor-client-cio-jvm/2.2.4/f42433246a8425edda4250e7ff5c3995d5f451fa/ktor-client-cio-jvm-2.2.4.jar, /C:/Users/admin/.gradle/caches/modules-2/files-2.1/io.ktor/ktor-client-core-jvm/2.2.4/76d9e7a8dccbed982e9df919e5f525a4f5515ced/ktor-client-core-jvm-2.2.4.jar, /C:/Users/admin/.gradle/caches/modules-2/files-2.1/io.ktor/ktor-websocket-serialization-jvm/2.2.4/4ffbd85ba77e16bb61a90239fc94a7fd7b2c6c0e/ktor-websocket-serialization-jvm-2.2.4.jar, /C:/Users/admin/.gradle/caches/modules-2/files-2.1/io.ktor/ktor-serialization-jvm/2.2.4/5bdef027d90d8eb90d63430b4d0d2916b45e6709/ktor-serialization-jvm-2.2.4.jar, /C:/Users/admin/.gradle/caches/modules-2/files-2.1/io.ktor/ktor-events-jvm/2.2.4/bef995ae157d5d14fd41fc5516fa846e43591bfc/ktor-events-jvm-2.2.4.jar, /C:/Users/admin/.gradle/caches/modules-2/files-2.1/io.ktor/ktor-websockets-jvm/2.2.4/e421265f8fbb10a882361be2f756154e135e68f8/ktor-websockets-jvm-2.2.4.jar, /C:/Users/admin/.gradle/caches/modules-2/files-2.1/io.ktor/ktor-http-cio-jvm/2.2.4/45166ec23f4254568de60c159ddd530c99c1487e/ktor-http-cio-jvm-2.2.4.jar, /C:/Users/admin/.gradle/caches/modules-2/files-2.1/io.ktor/ktor-http-jvm/2.2.4/7010d6fc3a10dfa5be0ef42f9bea91facd07b01b/ktor-http-jvm-2.2.4.jar, /C:/Users/admin/.gradle/caches/modules-2/files-2.1/io.ktor/ktor-network-tls-certificates-jvm/2.2.4/6b5acef0e0f9e174ee4655ba9b507ec85a9cae9/ktor-network-tls-certificates-jvm-2.2.4.jar, /C:/Users/admin/.gradle/caches/modules-2/files-2.1/io.ktor/ktor-network-tls-jvm/2.2.4/df517a5d20568a8f9e35602d65ae2308cff30842/ktor-network-tls-jvm-2.2.4.jar, /C:/Users/admin/.gradle/caches/modules-2/files-2.1/io.ktor/ktor-network-jvm/2.2.4/9b2512f4d1dcd0d3d7aa8bd02bb1a04c772ff96e/ktor-network-jvm-2.2.4.jar, /C:/Users/admin/.gradle/caches/modules-2/files-2.1/io.ktor/ktor-utils-jvm/2.2.4/c516ba0dc59aa741744527e8c529f15331c18f72/ktor-utils-jvm-2.2.4.jar, /C:/Users/admin/.gradle/caches/modules-2/files-2.1/io.ktor/ktor-io-jvm/2.2.4/803fcf7880fa1a978eee825c66018982912e2c6b/ktor-io-jvm-2.2.4.jar, /C:/Users/admin/.gradle/caches/modules-2/files-2.1/io.ktor/ktor-test-dispatcher-jvm/2.2.4/74b189a10c661709615e5c00980be00d2f24dc3d/ktor-test-dispatcher-jvm-2.2.4.jar, /C:/Users/admin/.gradle/caches/modules-2/files-2.1/org.jetbrains.kotlinx/kotlinx-coroutines-jdk8/1.6.4/5bc4b0bf6fd90fc190fd2f17e919c74c6274cb71/kotlinx-coroutines-jdk8-1.6.4.jar, /C:/Users/admin/.gradle/caches/modules-2/files-2.1/org.jetbrains.kotlinx/kotlinx-coroutines-debug/1.6.4/44285dd6fcec4bad505400d075f2783d18a46a11/kotlinx-coroutines-debug-1.6.4.jar, /C:/Users/admin/.gradle/caches/modules-2/files-2.1/org.jetbrains.kotlinx/kotlinx-coroutines-core-jvm/1.6.4/2c997cd1c0ef33f3e751d3831929aeff1390cb30/kotlinx-coroutines-core-jvm-1.6.4.jar, /C:/Users/admin/.gradle/caches/modules-2/files-2.1/org.jetbrains.kotlinx/kotlinx-coroutines-slf4j/1.6.4/9369fcabacb66a55ca3b7939b72bb0b62af112ce/kotlinx-coroutines-slf4j-1.6.4.jar, /C:/Users/admin/.gradle/caches/modules-2/files-2.1/io.insert-koin/koin-core-jvm/3.3.3/125216617ea8d01d523c758d638f67a2fba639d5/koin-core-jvm-3.3.3.jar, /C:/Users/admin/.gradle/caches/modules-2/files-2.1/org.jetbrains.kotlinx/kotlinx-serialization-json-jvm/1.4.1/e6430b33f06dcdff88998abfcb2e78bc3cd0a1f6/kotlinx-serialization-json-jvm-1.4.1.jar, /C:/Users/admin/.gradle/caches/modules-2/files-2.1/org.jetbrains.kotlinx/kotlinx-serialization-core-jvm/1.4.1/e0c2c11e5d0d541ca343c8f09602c0c2287d15a1/kotlinx-serialization-core-jvm-1.4.1.jar, /C:/Users/admin/.gradle/caches/modules-2/files-2.1/org.jetbrains.kotlin/kotlin-stdlib-jdk8/1.8.10/7c002ac41f547a82e81dfebd2a20577a738dbf3f/kotlin-stdlib-jdk8-1.8.10.jar, /C:/Users/admin/.gradle/caches/modules-2/files-2.1/ch.qos.logback/logback-classic/1.2.11/4741689214e9d1e8408b206506cbe76d1c6a7d60/logback-classic-1.2.11.jar, /C:/Users/admin/.gradle/caches/modules-2/files-2.1/org.jetbrains.kotlin/kotlin-test-junit/1.8.10/d30797f76f5f4619531a4aee2024bc1988c3b4f5/kotlin-test-junit-1.8.10.jar, /C:/Users/admin/.gradle/caches/modules-2/files-2.1/org.jetbrains.kotlin/kotlin-stdlib-jdk7/1.8.10/cb726a23c808a850a43e7d6b9d1ba91b02fe9f05/kotlin-stdlib-jdk7-1.8.10.jar, /C:/Users/admin/.gradle/caches/modules-2/files-2.1/org.jetbrains.kotlin/kotlin-test/1.8.10/5fd889abbc164b0a080a7a3314627bd796315421/kotlin-test-1.8.10.jar, /C:/Users/admin/.gradle/caches/modules-2/files-2.1/org.jetbrains.kotlin/kotlin-reflect/1.7.22/e61a16c5c838d324529a6aa72dfb88ea98958a29/kotlin-reflect-1.7.22.jar, /C:/Users/admin/.gradle/caches/modules-2/files-2.1/org.jetbrains.kotlin/kotlin-stdlib/1.8.10/6d5560a229477df9406943d5feda5618e98eb64c/kotlin-stdlib-1.8.10.jar, /C:/Users/admin/.gradle/caches/modules-2/files-2.1/ch.qos.logback/logback-core/1.2.11/a01230df5ca5c34540cdaa3ad5efb012f1f1f792/logback-core-1.2.11.jar, /C:/Users/admin/.gradle/caches/modules-2/files-2.1/org.slf4j/slf4j-api/1.7.36/6c62681a2f655b49963a5983b8b0950a6120ae14/slf4j-api-1.7.36.jar, /C:/Users/admin/.gradle/caches/modules-2/files-2.1/junit/junit/4.13.2/8ac9e16d933b6fb43bc7f576336b8f4d7eb5ba12/junit-4.13.2.jar, /C:/Users/admin/.gradle/caches/modules-2/files-2.1/com.typesafe/config/1.4.2/4c40a633e7994cfb0354244efb6d03fcb11c3ecf/config-1.4.2.jar, /C:/Users/admin/.gradle/caches/modules-2/files-2.1/org.jetbrains.kotlin/kotlin-stdlib-common/1.8.10/a61b182458550492c12aee66157d7b524a63a5ec/kotlin-stdlib-common-1.8.10.jar, /C:/Users/admin/.gradle/caches/modules-2/files-2.1/org.fusesource.jansi/jansi/2.4.0/321c614f85f1dea6bb08c1817c60d53b7f3552fd/jansi-2.4.0.jar, /C:/Users/admin/.gradle/caches/modules-2/files-2.1/io.netty/netty-codec-http2/4.1.86.Final/ac0ca067e4118533ad1038776fcd9d5f3058b7d4/netty-codec-http2-4.1.86.Final.jar, /C:/Users/admin/.gradle/caches/modules-2/files-2.1/org.eclipse.jetty.alpn/alpn-api/1.1.3.v20160715/a1bf3a937f91b4c953acd13e8c9552347adc2198/alpn-api-1.1.3.v20160715.jar, /C:/Users/admin/.gradle/caches/modules-2/files-2.1/io.netty/netty-transport-native-kqueue/4.1.86.Final/e85e94b3090a24becfa9fd2caf62853c46f7e099/netty-transport-native-kqueue-4.1.86.Final.jar, /C:/Users/admin/.gradle/caches/modules-2/files-2.1/io.netty/netty-transport-native-epoll/4.1.86.Final/9d51ef4b5e83a4d7ebc6d57bb79a958fcdde61b3/netty-transport-native-epoll-4.1.86.Final.jar, /C:/Users/admin/.gradle/caches/modules-2/files-2.1/org.jetbrains/annotations/13.0/919f0dfe192fb4e063e7dacadee7f8bb9a2672a9/annotations-13.0.jar, /C:/Users/admin/.gradle/caches/modules-2/files-2.1/org.hamcrest/hamcrest-core/1.3/42a25dc3219429f0e5d060061f71acb49bf010a0/hamcrest-core-1.3.jar, /C:/Users/admin/.gradle/caches/modules-2/files-2.1/io.netty/netty-codec-http/4.1.86.Final/23674593f004959ae002ec348626eecf677191ae/netty-codec-http-4.1.86.Final.jar, /C:/Users/admin/.gradle/caches/modules-2/files-2.1/io.netty/netty-handler/4.1.86.Final/bcb65230218286e6456b5d085cb42e67776eb70/netty-handler-4.1.86.Final.jar, /C:/Users/admin/.gradle/caches/modules-2/files-2.1/io.netty/netty-codec/4.1.86.Final/ee126da926ea202da3b21eb737788ef83b1db772/netty-codec-4.1.86.Final.jar, /C:/Users/admin/.gradle/caches/modules-2/files-2.1/io.netty/netty-transport-classes-kqueue/4.1.86.Final/1b2f3462b66c31ed63376ff2f76691df6a4e7aaa/netty-transport-classes-kqueue-4.1.86.Final.jar, /C:/Users/admin/.gradle/caches/modules-2/files-2.1/io.netty/netty-transport-classes-epoll/4.1.86.Final/b1c323028fcbd4ea757087038797f331c828959/netty-transport-classes-epoll-4.1.86.Final.jar, /C:/Users/admin/.gradle/caches/modules-2/files-2.1/io.netty/netty-transport-native-unix-common/4.1.86.Final/5e0e7fc1c337485cabcf7971faefe692b76f93a2/netty-transport-native-unix-common-4.1.86.Final.jar, /C:/Users/admin/.gradle/caches/modules-2/files-2.1/io.netty/netty-transport/4.1.86.Final/7c7739c41fd110c3576e9faace332ee957f27203/netty-transport-4.1.86.Final.jar, /C:/Users/admin/.gradle/caches/modules-2/files-2.1/io.netty/netty-buffer/4.1.86.Final/a66fa0ed2687eb33a2e53a17a6df61bfe3b3f2bd/netty-buffer-4.1.86.Final.jar, /C:/Users/admin/.gradle/caches/modules-2/files-2.1/io.netty/netty-resolver/4.1.86.Final/bad83d479f7bd8ea84eefd77c316435be4c97270/netty-resolver-4.1.86.Final.jar, /C:/Users/admin/.gradle/caches/modules-2/files-2.1/io.netty/netty-common/4.1.86.Final/1dceab4662a9cc93faf87b237bb41103b1bc7f0e/netty-common-4.1.86.Final.jar, /C:/Users/admin/.gradle/caches/modules-2/files-2.1/org.eclipse.jetty.http2/http2-http-client-transport/9.4.49.v20220914/fe16cf8d0e5f8d2bbbccb182750eba4029cc7a41/http2-http-client-transport-9.4.49.v20220914.jar, /C:/Users/admin/.gradle/caches/modules-2/files-2.1/org.eclipse.jetty.http2/http2-client/9.4.49.v20220914/a2d00f350aadbf405ab3586b71f5809c6cd1027e/http2-client-9.4.49.v20220914.jar, /C:/Users/admin/.gradle/caches/modules-2/files-2.1/org.eclipse.jetty/jetty-client/9.4.49.v20220914/23f3c2597fd7f976b10262930ce58a39bcd3258e/jetty-client-9.4.49.v20220914.jar, /C:/Users/admin/.gradle/caches/modules-2/files-2.1/org.eclipse.jetty.http2/http2-common/9.4.49.v20220914/efa060236180dfbb3f1ea28422486ea07060b138/http2-common-9.4.49.v20220914.jar, /C:/Users/admin/.gradle/caches/modules-2/files-2.1/org.eclipse.jetty/jetty-alpn-openjdk8-client/9.4.49.v20220914/e1334986a8fc35b61b9b8af4e9bc54217c08b0a7/jetty-alpn-openjdk8-client-9.4.49.v20220914.jar, /C:/Users/admin/.gradle/caches/modules-2/files-2.1/org.eclipse.jetty/jetty-alpn-java-client/9.4.49.v20220914/67b1d480eb5c4360a1d8dd63373c3712a5c38877/jetty-alpn-java-client-9.4.49.v20220914.jar, /C:/Users/admin/.gradle/caches/modules-2/files-2.1/org.eclipse.jetty/jetty-alpn-client/9.4.49.v20220914/2baedac4e6dedd3ece6ec8415f316df2e8258f60/jetty-alpn-client-9.4.49.v20220914.jar, /C:/Users/admin/.gradle/caches/modules-2/files-2.1/org.eclipse.jetty.http2/http2-hpack/9.4.49.v20220914/76836770a1a651d04254e079664ef69b1caf563b/http2-hpack-9.4.49.v20220914.jar, /C:/Users/admin/.gradle/caches/modules-2/files-2.1/org.eclipse.jetty/jetty-http/9.4.49.v20220914/ef1e3bde212115eb4bb0740aaf79029b624d4e30/jetty-http-9.4.49.v20220914.jar, /C:/Users/admin/.gradle/caches/modules-2/files-2.1/org.eclipse.jetty/jetty-io/9.4.49.v20220914/cb33d9a3bdb6e2173b9b9cfc94c0b45f9a21a1af/jetty-io-9.4.49.v20220914.jar, /C:/Users/admin/.gradle/caches/modules-2/files-2.1/net.java.dev.jna/jna-platform/5.9.0/c535a5bda553d7d7690356c825010da74b2671b5/jna-platform-5.9.0.jar, /C:/Users/admin/.gradle/caches/modules-2/files-2.1/net.java.dev.jna/jna/5.9.0/8f503e6d9b500ceff299052d6be75b38c7257758/jna-5.9.0.jar, /C:/Users/admin/.gradle/caches/modules-2/files-2.1/net.bytebuddy/byte-buddy/1.10.9/2c03f15cd1131692feca93f190ed81412a3de961/byte-buddy-1.10.9.jar, /C:/Users/admin/.gradle/caches/modules-2/files-2.1/net.bytebuddy/byte-buddy-agent/1.10.9/cbbeffa557e6b1b4cbb181b0782436921c523699/byte-buddy-agent-1.10.9.jar, /C:/Users/admin/.gradle/caches/modules-2/files-2.1/org.eclipse.jetty/jetty-util/9.4.49.v20220914/29008dbc6dfac553d209f54193b505d73c253a41/jetty-util-9.4.49.v20220914.jar, /C:/Users/admin/.jdks/liberica-1.8.0_345/jre/lib/ext/access-bridge-64.jar, /C:/Users/admin/.jdks/liberica-1.8.0_345/jre/lib/ext/cldrdata.jar, /C:/Users/admin/.jdks/liberica-1.8.0_345/jre/lib/ext/dnsns.jar, /C:/Users/admin/.jdks/liberica-1.8.0_345/jre/lib/ext/jaccess.jar, /C:/Users/admin/.jdks/liberica-1.8.0_345/jre/lib/ext/jfxrt.jar, /C:/Users/admin/.jdks/liberica-1.8.0_345/jre/lib/ext/localedata.jar, /C:/Users/admin/.jdks/liberica-1.8.0_345/jre/lib/ext/nashorn.jar, /C:/Users/admin/.jdks/liberica-1.8.0_345/jre/lib/ext/sunec.jar, /C:/Users/admin/.jdks/liberica-1.8.0_345/jre/lib/ext/sunjce_provider.jar, /C:/Users/admin/.jdks/liberica-1.8.0_345/jre/lib/ext/sunmscapi.jar, /C:/Users/admin/.jdks/liberica-1.8.0_345/jre/lib/ext/sunpkcs11.jar, /C:/Users/admin/.jdks/liberica-1.8.0_345/jre/lib/ext/zipfs.jar]
2023-03-17 15:45:40.555 [DefaultDispatcher-worker-1 @call-context#2] DEBUG ktor.test - Watching C:\Users\admin\Documents\GitHub\narutoServer\build\classes\kotlin\main\kz\example\repository for changes.
2023-03-17 15:45:40.555 [DefaultDispatcher-worker-1 @call-context#2] DEBUG ktor.test - Watching C:\Users\admin\Documents\GitHub\narutoServer\build\resources\main for changes.
2023-03-17 15:45:40.555 [DefaultDispatcher-worker-1 @call-context#2] DEBUG ktor.test - Watching C:\Users\admin\Documents\GitHub\narutoServer\build\classes\kotlin\main\kz for changes.
2023-03-17 15:45:40.555 [DefaultDispatcher-worker-1 @call-context#2] DEBUG ktor.test - Watching C:\Users\admin\Documents\GitHub\narutoServer\build\classes\kotlin\main\kz\example\plugins for changes.
2023-03-17 15:45:40.555 [DefaultDispatcher-worker-1 @call-context#2] DEBUG ktor.test - Watching C:\Users\admin\Documents\GitHub\narutoServer\build\classes\kotlin\main\kz\example for changes.
2023-03-17 15:45:40.555 [DefaultDispatcher-worker-1 @call-context#2] DEBUG ktor.test - Watching C:\Users\admin\Documents\GitHub\narutoServer\build\classes\kotlin\main\kz\example\models for changes.
2023-03-17 15:45:40.556 [DefaultDispatcher-worker-1 @call-context#2] DEBUG ktor.test - Watching C:\Users\admin\Documents\GitHub\narutoServer\build\classes\kotlin\main\META-INF for changes.
2023-03-17 15:45:40.556 [DefaultDispatcher-worker-1 @call-context#2] DEBUG ktor.test - Watching C:\Users\admin\Documents\GitHub\narutoServer\build\classes\kotlin\test\kz\example for changes.
2023-03-17 15:45:40.556 [DefaultDispatcher-worker-1 @call-context#2] DEBUG ktor.test - Watching C:\Users\admin\Documents\GitHub\narutoServer\build\resources\main\images for changes.
2023-03-17 15:45:40.556 [DefaultDispatcher-worker-1 @call-context#2] DEBUG ktor.test - Watching C:\Users\admin\Documents\GitHub\narutoServer\build\classes\kotlin\test for changes.
2023-03-17 15:45:40.556 [DefaultDispatcher-worker-1 @call-context#2] DEBUG ktor.test - Watching C:\Users\admin\Documents\GitHub\narutoServer\build\classes\kotlin\main\kz\example\di for changes.
2023-03-17 15:45:40.556 [DefaultDispatcher-worker-1 @call-context#2] DEBUG ktor.test - Watching C:\Users\admin\Documents\GitHub\narutoServer\build\classes\kotlin\main for changes.
2023-03-17 15:45:40.556 [DefaultDispatcher-worker-1 @call-context#2] DEBUG ktor.test - Watching C:\Users\admin\Documents\GitHub\narutoServer\build\classes\kotlin\main\kz\example\routes for changes.
2023-03-17 15:45:40.556 [DefaultDispatcher-worker-1 @call-context#2] DEBUG ktor.test - Watching C:\Users\admin\Documents\GitHub\narutoServer\build\classes\kotlin\test\kz for changes.
2023-03-17 15:45:40.556 [DefaultDispatcher-worker-1 @call-context#2] DEBUG ktor.test - Watching C:\Users\admin\Documents\GitHub\narutoServer\build\classes\kotlin\test\META-INF for changes.
2023-03-17 15:45:40.933 [DefaultDispatcher-worker-1 @call-context#2] INFO  [Koin] - loaded 1 definitions in 0.824 ms
2023-03-17 15:45:41.023 [DefaultDispatcher-worker-1 @call-context#2] INFO  ktor.test - Application started in 0.491 seconds.
2023-03-17 15:45:41.024 [DefaultDispatcher-worker-1 @call-context#2] INFO  ktor.test - Application started: io.ktor.server.application.Application@1482d455
2023-03-17 15:45:41.057 [DefaultDispatcher-worker-1 @request#2] TRACE io.ktor.routing.Routing - Trace for []
/, segment:0 -> SUCCESS @ /
  /, segment:0 -> SUCCESS @ /
    /(method:GET), segment:0 -> SUCCESS @ /(method:GET)
  /naruto, segment:0 -> FAILURE "Selector didn't match" @ /naruto
  /images, segment:0 -> FAILURE "Selector didn't match" @ /images
Matched routes:
  "" -> "<slash>" -> "(method:GET)"
Route resolve result:
  SUCCESS @ /(method:GET)
2023-03-17 15:45:41.083 [DefaultDispatcher-worker-1 @request#2] TRACE i.k.s.p.c.ContentNegotiation - Skipping response body transformation from String to OutgoingContent for the GET / request because the String type is ignored. See [ContentNegotiationConfig::ignoreType].
2023-03-17 15:45:41.088 [DefaultDispatcher-worker-1 @request#2] TRACE i.k.s.p.statuspages.StatusPages - No handler found for status code 200 OK for call: /
]]></system-out>
  <system-err><![CDATA[]]></system-err>
</testsuite>
